Flow report for UART
Fri Aug 19 22:29:07 2022
Quartus Prime Version 18.1.0 Build 625 09/12/2018 SJ Lite Edition


---------------------
; Table of Contents ;
---------------------
  1. Legal Notice
  2. Flow Summary
  3. Flow Settings
  4. Flow Non-Default Global Settings
  5. Flow Elapsed Time
  6. Flow OS Summary
  7. Flow Log
  8. Flow Messages
  9. Flow Suppressed Messages



----------------
; Legal Notice ;
----------------
Copyright (C) 2018  Intel Corporation. All rights reserved.
Your use of Intel Corporation's design tools, logic functions 
and other software and tools, and its AMPP partner logic 
functions, and any output files from any of the foregoing 
(including device programming or simulation files), and any 
associated documentation or information are expressly subject 
to the terms and conditions of the Intel Program License 
Subscription Agreement, the Intel Quartus Prime License Agreement,
the Intel FPGA IP License Agreement, or other applicable license
agreement, including, without limitation, that your use is for
the sole purpose of programming logic devices manufactured by
Intel and sold by Intel or its authorized distributors.  Please
refer to the applicable agreement for further details.



+----------------------------------------------------------------------------------+
; Flow Summary                                                                     ;
+------------------------------------+---------------------------------------------+
; Flow Status                        ; Successful - Fri Aug 19 22:29:07 2022       ;
; Quartus Prime Version              ; 18.1.0 Build 625 09/12/2018 SJ Lite Edition ;
; Revision Name                      ; UART                                        ;
; Top-level Entity Name              ; top                                         ;
; Family                             ; Cyclone IV E                                ;
; Device                             ; EP4CE22F17C6                                ;
; Timing Models                      ; Final                                       ;
; Total logic elements               ; 143 / 22,320 ( < 1 % )                      ;
;     Total combinational functions  ; 112 / 22,320 ( < 1 % )                      ;
;     Dedicated logic registers      ; 98 / 22,320 ( < 1 % )                       ;
; Total registers                    ; 98                                          ;
; Total pins                         ; 15 / 154 ( 10 % )                           ;
; Total virtual pins                 ; 0                                           ;
; Total memory bits                  ; 0 / 608,256 ( 0 % )                         ;
; Embedded Multiplier 9-bit elements ; 0 / 132 ( 0 % )                             ;
; Total PLLs                         ; 1 / 4 ( 25 % )                              ;
+------------------------------------+---------------------------------------------+


+-----------------------------------------+
; Flow Settings                           ;
+-------------------+---------------------+
; Option            ; Setting             ;
+-------------------+---------------------+
; Start date & time ; 08/19/2022 22:28:37 ;
; Main task         ; Compilation         ;
; Revision Name     ; UART                ;
+-------------------+---------------------+


+----------------------------------------------------------------------------------------------------------------------------------------------------+
; Flow Non-Default Global Settings                                                                                                                   ;
+--------------------------------------+--------------------------------------------------------------+---------------+-------------+----------------+
; Assignment Name                      ; Value                                                        ; Default Value ; Entity Name ; Section Id     ;
+--------------------------------------+--------------------------------------------------------------+---------------+-------------+----------------+
; COMPILER_SIGNATURE_ID                ; 1098012568611.166094091701128                                ; --            ; --          ; --             ;
; EDA_DESIGN_INSTANCE_NAME             ; NA                                                           ; --            ; --          ; tb             ;
; EDA_NATIVELINK_SIMULATION_TEST_BENCH ; tb                                                           ; --            ; --          ; eda_simulation ;
; EDA_OUTPUT_DATA_FORMAT               ; Verilog Hdl                                                  ; --            ; --          ; eda_simulation ;
; EDA_SIMULATION_TOOL                  ; ModelSim-Altera (Verilog)                                    ; <None>        ; --          ; --             ;
; EDA_TEST_BENCH_ENABLE_STATUS         ; TEST_BENCH_MODE                                              ; --            ; --          ; eda_simulation ;
; EDA_TEST_BENCH_FILE                  ; tb.v                                                         ; --            ; --          ; tb             ;
; EDA_TEST_BENCH_MODULE_NAME           ; tb                                                           ; --            ; --          ; tb             ;
; EDA_TEST_BENCH_NAME                  ; tb                                                           ; --            ; --          ; eda_simulation ;
; EDA_TEST_BENCH_RUN_SIM_FOR           ; 2000 us                                                      ; --            ; --          ; tb             ;
; EDA_TIME_SCALE                       ; 1 ps                                                         ; --            ; --          ; eda_simulation ;
; ENABLE_SIGNALTAP                     ; Off                                                          ; --            ; --          ; --             ;
; MAX_CORE_JUNCTION_TEMP               ; 85                                                           ; --            ; --          ; --             ;
; MIN_CORE_JUNCTION_TEMP               ; 0                                                            ; --            ; --          ; --             ;
; MISC_FILE                            ; unnamedadc/synthesis/../unnamedadc.cmp                       ; --            ; --          ; --             ;
; MISC_FILE                            ; unnamedadc/synthesis/../../unnamedadc.qsys                   ; --            ; --          ; --             ;
; MISC_FILE                            ; pll_inst.v                                                   ; --            ; --          ; --             ;
; MISC_FILE                            ; pll_bb.v                                                     ; --            ; --          ; --             ;
; MISC_FILE                            ; pll.ppf                                                      ; --            ; --          ; --             ;
; NOMINAL_CORE_SUPPLY_VOLTAGE          ; 1.2V                                                         ; --            ; --          ; --             ;
; NUM_PARALLEL_PROCESSORS              ; All                                                          ; --            ; --          ; --             ;
; PARTITION_COLOR                      ; -- (Not supported for targeted family)                       ; --            ; top         ; Top            ;
; PARTITION_FITTER_PRESERVATION_LEVEL  ; -- (Not supported for targeted family)                       ; --            ; top         ; Top            ;
; PARTITION_NETLIST_TYPE               ; -- (Not supported for targeted family)                       ; --            ; top         ; Top            ;
; POWER_BOARD_THERMAL_MODEL            ; None (CONSERVATIVE)                                          ; --            ; --          ; --             ;
; POWER_PRESET_COOLING_SOLUTION        ; 23 MM HEAT SINK WITH 200 LFPM AIRFLOW                        ; --            ; --          ; --             ;
; PROJECT_OUTPUT_DIRECTORY             ; output_files                                                 ; --            ; --          ; --             ;
; SLD_FILE                             ; unnamedadc/synthesis/unnamedadc.debuginfo                    ; --            ; --          ; --             ;
; SLD_INFO                             ; QSYS_NAME unnamedadc HAS_SOPCINFO 1 GENERATION_ID 1654880951 ; --            ; unnamedadc  ; --             ;
; SOPCINFO_FILE                        ; unnamedadc/synthesis/../../unnamedadc.sopcinfo               ; --            ; --          ; --             ;
; SYNTHESIS_ONLY_QIP                   ; On                                                           ; --            ; --          ; --             ;
; TOP_LEVEL_ENTITY                     ; top                                                          ; UART          ; --          ; --             ;
; USE_SIGNALTAP_FILE                   ; stp1.stp                                                     ; --            ; --          ; --             ;
+--------------------------------------+--------------------------------------------------------------+---------------+-------------+----------------+


+--------------------------------------------------------------------------------------------------------------------------+
; Flow Elapsed Time                                                                                                        ;
+----------------------+--------------+-------------------------+---------------------+------------------------------------+
; Module Name          ; Elapsed Time ; Average Processors Used ; Peak Virtual Memory ; Total CPU Time (on all processors) ;
+----------------------+--------------+-------------------------+---------------------+------------------------------------+
; Analysis & Synthesis ; 00:00:16     ; 1.0                     ; 4767 MB             ; 00:00:29                           ;
; Fitter               ; 00:00:05     ; 1.0                     ; 5509 MB             ; 00:00:07                           ;
; Assembler            ; 00:00:01     ; 1.0                     ; 4673 MB             ; 00:00:01                           ;
; Timing Analyzer      ; 00:00:02     ; 1.0                     ; 4776 MB             ; 00:00:02                           ;
; EDA Netlist Writer   ; 00:00:02     ; 1.0                     ; 4638 MB             ; 00:00:01                           ;
; Total                ; 00:00:26     ; --                      ; --                  ; 00:00:40                           ;
+----------------------+--------------+-------------------------+---------------------+------------------------------------+


+------------------------------------------------------------------------------------+
; Flow OS Summary                                                                    ;
+----------------------+------------------+------------+------------+----------------+
; Module Name          ; Machine Hostname ; OS Name    ; OS Version ; Processor type ;
+----------------------+------------------+------------+------------+----------------+
; Analysis & Synthesis ; DESKTOP-9EVC4SO  ; Windows 10 ; 10.0       ; x86_64         ;
; Fitter               ; DESKTOP-9EVC4SO  ; Windows 10 ; 10.0       ; x86_64         ;
; Assembler            ; DESKTOP-9EVC4SO  ; Windows 10 ; 10.0       ; x86_64         ;
; Timing Analyzer      ; DESKTOP-9EVC4SO  ; Windows 10 ; 10.0       ; x86_64         ;
; EDA Netlist Writer   ; DESKTOP-9EVC4SO  ; Windows 10 ; 10.0       ; x86_64         ;
+----------------------+------------------+------------+------------+----------------+


------------
; Flow Log ;
------------
quartus_map --read_settings_files=on --write_settings_files=off UART -c UART
quartus_fit --read_settings_files=off --write_settings_files=off UART -c UART
quartus_asm --read_settings_files=off --write_settings_files=off UART -c UART
quartus_sta UART -c UART
quartus_eda --read_settings_files=off --write_settings_files=off UART -c UART



